<?xml version="1.0" encoding="UTF-8"?>
<!-- Generated by org.testng.reporters.JUnitXMLReporter -->
<testsuite hostname="PRINHYLTPDL1648" ignored="0" name="ListenerTest" tests="1" failures="1" timestamp="2020-04-17T07:36:24 IST" time="11.346" errors="0">
  <testcase name="takeScreenshotTest" time="2.209" classname="com.testng.listenersconcept.SuiteListenerDemo">
    <failure type="java.lang.AssertionError" message="expected [true] but found [false]">
      <![CDATA[java.lang.AssertionError: expected [true] but found [false]
at com.testng.listenersconcept.SuiteListenerDemo.takeScreenshotTest(SuiteListenerDemo.java:32)
at java.util.ArrayList.forEach(ArrayList.java:1257)
... Removed 31 stack frames]]>
    </failure>
  </testcase> <!-- takeScreenshotTest -->
</testsuite> <!-- ListenerTest -->
